2026-07-17 17:16:06,059 [INFO] Plugin Registered: SecurityCore
2026-07-17 17:16:06,059 [INFO] Plugin Registered: PowerManagement
2026-07-17 17:16:06,060 [INFO] Plugin Registered: SystemMonitor
2026-07-17 17:16:06,060 [INFO] Plugin Registered: CommandCenter
2026-07-17 17:16:06,060 [INFO] Plugin Registered: NotificationPlugin
2026-07-17 17:16:06,060 [INFO] Plugin Registered: WeatherPlugin
2026-07-17 17:16:06,060 [INFO] Plugin Registered: AIPlugin
2026-07-17 17:16:06,060 [INFO] Plugin Registered: VoicePlugin
2026-07-17 17:16:06,060 [INFO] Plugin Registered: AutomationPlugin
2026-07-17 17:16:06,060 [INFO] Plugin Registered: CameraPlugin
2026-07-17 17:16:06,060 [INFO] Plugin Registered: FaceTrackingPlugin
2026-07-17 17:16:06,060 [INFO] Plugin Registered: HandTrackingPlugin
2026-07-17 17:16:06,062 [INFO] Plugin Registered: GesturePlugin
2026-07-17 17:16:06,062 [INFO] Plugin Registered: HUDPlugin
2026-07-17 17:16:06,062 [INFO] Plugin Started: SecurityCore
2026-07-17 17:16:06,062 [INFO] Plugin Started: PowerManagement
2026-07-17 17:16:06,062 [INFO] Plugin Started: SystemMonitor
2026-07-17 17:16:06,062 [INFO] Plugin Started: CommandCenter
2026-07-17 17:16:06,062 [INFO] Plugin Started: NotificationPlugin
2026-07-17 17:16:06,062 [INFO] Plugin Started: WeatherPlugin
2026-07-17 17:16:06,062 [INFO] Plugin Started: AIPlugin
2026-07-17 17:16:06,063 [INFO] Plugin Started: AutomationPlugin
2026-07-17 17:16:06,088 [INFO] Plugin Started: VoicePlugin
2026-07-17 17:16:06,694 [INFO] Plugin Started: HUDPlugin
